
========================================
  UMI-OS Comprehensive Renode Tests
========================================

--- Task Creation Tests ---
[PASS] create_task returns valid id
[PASS] get_task_name not null
[PASS] task priority correct
[PASS] delete_task succeeds
[PASS] delete invalid task fails

--- Notification Tests ---
[PASS] notification delivered
[PASS] notification cleared after wait

--- Timer Tests ---
[PASS] timer scheduled
[PASS] timer not fired early
[PASS] timer fired at deadline

--- SpscQueue Tests ---
[PASS] queue starts empty
[PASS] queue has space initially
[PASS] push 1
[PASS] push 2
[PASS] push 3
[PASS] push fails when full
[PASS] pop 1
[PASS] pop 2
[PASS] pop 3
[PASS] pop empty fails

--- Result/Expected Tests ---
[PASS] Ok has value
[PASS] Ok value correct
[PASS] Err has no value
[PASS] Err code correct

--- Priority Scheduling Tests ---
[PASS] realtime task selected first

--- Stack Monitor Tests ---
[PASS] stack initially 0% used
[PASS] stack usage detected

--- for_each_task Tests ---
[PASS] for_each_task iterates tasks

--- Vector Table Tests ---
[PASS] table base non-zero
[PASS] table properly aligned
[PASS] handler not null
[PASS] handler set correctly
[PASS] IRQ handler set

========================================
  Test Summary
========================================
Total:  33
Passed: 33
Failed: 0

*** ALL TESTS PASSED ***
TEST_COMPLETE
